<?xml version="1.0" encoding="UTF-8"?>
<!-- Generated by org.testng.reporters.JUnitReportReporter -->
<testsuite hostname="Dream" name="org.utest.Tests" tests="1" failures="0" timestamp="21 Apr 2015 03:32:29 GMT" time="11.078" errors="0">
  <testcase name="test_1" time="11.078" classname="org.utest.Tests"/>
</testsuite> <!-- org.utest.Tests -->
