<?xml version="1.0" encoding="UTF-8"?>
<!-- Generated by org.testng.reporters.JUnitReportReporter -->
<testsuite hostname="Dream" name="org.utest.Tests" tests="1" failures="0" timestamp="16 Apr 2015 05:37:05 GMT" time="0.047" errors="0">
  <testcase name="test_1" time="0.047" classname="org.utest.Tests"/>
</testsuite> <!-- org.utest.Tests -->
